android/build/outputs/logs/manifest-merger-debug-report.txt
-- Merging decision tree log ---
manifest
ADDED from VocabularyQuest/android/AndroidManifest.xml:2:1-28:12
	package
		ADDED from VocabularyQuest/android/AndroidManifest.xml:3:5-28
		INJECTED from VocabularyQuest/android/AndroidManifest.xml
		INJECTED from VocabularyQuest/android/AndroidManifest.xml
	android:versionName
		ADDED from VocabularyQuest/android/AndroidManifest.xml:5:5-30
		INJECTED from VocabularyQuest/android/AndroidManifest.xml
		INJECTED from VocabularyQuest/android/AndroidManifest.xml
	android:versionCode
		ADDED from VocabularyQuest/android/AndroidManifest.xml:4:5-28
		INJECTED from VocabularyQuest/android/AndroidManifest.xml
		INJECTED from VocabularyQuest/android/AndroidManifest.xml
	xmlns:android
		ADDED from VocabularyQuest/android/AndroidManifest.xml:2:11-69
uses-sdk
ADDED from VocabularyQuest/android/AndroidManifest.xml:7:5-73
	android:targetSdkVersion
		ADDED from VocabularyQuest/android/AndroidManifest.xml:7:41-70
		INJECTED from VocabularyQuest/android/AndroidManifest.xml
		INJECTED from VocabularyQuest/android/AndroidManifest.xml
	android:minSdkVersion
		ADDED from VocabularyQuest/android/AndroidManifest.xml:7:15-40
		INJECTED from VocabularyQuest/android/AndroidManifest.xml
		INJECTED from VocabularyQuest/android/AndroidManifest.xml
uses-permission#android.permission.WRITE_EXTERNAL_STORAGE
ADDED from VocabularyQuest/android/AndroidManifest.xml:8:5-81
	android:name
		ADDED from VocabularyQuest/android/AndroidManifest.xml:8:22-78
uses-permission#android.permission.READ_EXTERNAL_STORAGE
ADDED from VocabularyQuest/android/AndroidManifest.xml:9:5-80
	android:name
		ADDED from VocabularyQuest/android/AndroidManifest.xml:9:22-77
application
ADDED from VocabularyQuest/android/AndroidManifest.xml:11:5-26:19
	android:label
		ADDED from VocabularyQuest/android/AndroidManifest.xml:14:9-41
	android:allowBackup
		ADDED from VocabularyQuest/android/AndroidManifest.xml:12:9-35
	android:icon
		ADDED from VocabularyQuest/android/AndroidManifest.xml:13:9-45
	android:theme
		ADDED from VocabularyQuest/android/AndroidManifest.xml:15:9-40
activity#com.nf28.game.AndroidLauncher
ADDED from VocabularyQuest/android/AndroidManifest.xml:16:9-25:20
	android:screenOrientation
		ADDED from VocabularyQuest/android/AndroidManifest.xml:19:13-50
	android:label
		ADDED from VocabularyQuest/android/AndroidManifest.xml:18:13-45
	android:configChanges
		ADDED from VocabularyQuest/android/AndroidManifest.xml:20:13-83
	android:name
		ADDED from VocabularyQuest/android/AndroidManifest.xml:17:13-57
intent-filter#android.intent.action.MAIN+android.intent.category.LAUNCHER
ADDED from VocabularyQuest/android/AndroidManifest.xml:21:13-24:29
action#android.intent.action.MAIN
ADDED from VocabularyQuest/android/AndroidManifest.xml:22:17-69
	android:name
		ADDED from VocabularyQuest/android/AndroidManifest.xml:22:25-66
category#android.intent.category.LAUNCHER
ADDED from VocabularyQuest/android/AndroidManifest.xml:23:17-77
	android:name
		ADDED from VocabularyQuest/android/AndroidManifest.xml:23:27-74